[Sun Feb 27 15:53:30 2022] Method: GET Path: /id/ Status: 200
[Sun Feb 27 15:53:31 2022] Method: GET Path: /id/ Status: 200
[Sun Feb 27 15:53:33 2022] Method: GET Path: /id/ Status: 404
[Sun Feb 27 15:53:34 2022] Method: GET Path: /id/ Status: 404
[Sun Feb 27 15:53:35 2022] Method: GET Path: /id/ Status: 404
[Sun Feb 27 15:53:36 2022] Method: GET Path: /id/ Status: 404
[Sun Feb 27 15:53:36 2022] Method: GET Path: /id/ Status: 404
[Sun Feb 27 15:53:39 2022] Method: GET Path: / Status: 200
[Sun Feb 27 15:53:40 2022] Method: GET Path: / Status: 200
[Sun Feb 27 15:53:40 2022] Method: GET Path: / Status: 200
[Sun Feb 27 15:53:54 2022] Method: GET Path: /alias/ Status: 200
[Sun Feb 27 15:53:55 2022] Method: GET Path: /alias/ Status: 200
[Sun Feb 27 15:53:55 2022] Method: GET Path: /alias/ Status: 200
[Sun Feb 27 15:53:56 2022] Method: GET Path: /alias/ Status: 200
[Sun Feb 27 16:01:26 2022] Method: DELETE Path: /id/ Status: 200
[Sun Feb 27 16:01:41 2022] Method: DELETE Path: /alias/ Status: 404
[Sun Feb 27 16:01:44 2022] Method: DELETE Path: /alias/ Status: 404
[Sun Feb 27 16:01:51 2022] Method: DELETE Path: /alias/ Status: 200
[Wed Mar  2 02:21:21 2022] Method: GET Path: / Status: 200
[Sat Mar  5 01:01:56 2022] Method: GET Path: / Status: 200
[Sat Mar  5 01:01:57 2022] Method: GET Path: / Status: 200
[Sat Mar  5 01:01:58 2022] Method: GET Path: / Status: 200
[Sat Mar  5 01:01:59 2022] Method: GET Path: / Status: 200
[Sat Mar  5 01:01:59 2022] Method: GET Path: / Status: 200
[Sat Mar  5 01:02:00 2022] Method: GET Path: / Status: 200
[Sat Mar  5 01:02:00 2022] Method: GET Path: / Status: 200
[Sat Mar  5 01:02:01 2022] Method: GET Path: / Status: 200
[Sat Mar  5 01:02:01 2022] Method: GET Path: / Status: 200
[Sat Mar  5 01:02:02 2022] Method: GET Path: / Status: 200
[Sat Mar  5 01:02:02 2022] Method: GET Path: / Status: 200
[Sat Mar  5 01:02:02 2022] Method: GET Path: / Status: 200
[Sat Mar  5 01:02:03 2022] Method: GET Path: / Status: 200
[Sat Mar  5 01:02:03 2022] Method: GET Path: / Status: 200
[Sat Mar  5 01:02:03 2022] Method: GET Path: / Status: 200
[Sat Mar  5 01:02:04 2022] Method: GET Path: / Status: 200
[Sat Mar  5 01:02:04 2022] Method: GET Path: / Status: 200
[Sat Mar  5 01:02:05 2022] Method: GET Path: / Status: 200
[Sat Mar  5 01:02:05 2022] Method: GET Path: / Status: 200
[Sat Mar  5 01:02:05 2022] Method: GET Path: / Status: 200
[Sat Mar  5 01:02:06 2022] Method: GET Path: / Status: 200
[Sat Mar  5 01:02:06 2022] Method: GET Path: / Status: 200
[Sat Mar  5 01:02:07 2022] Method: GET Path: / Status: 200
[Sat Mar  5 01:02:07 2022] Method: GET Path: / Status: 200
[Sat Mar  5 01:02:07 2022] Method: GET Path: / Status: 200
[Sat Mar  5 01:02:08 2022] Method: GET Path: / Status: 200
[Sat Mar  5 01:02:08 2022] Method: GET Path: / Status: 200
[Sat Mar  5 01:02:09 2022] Method: GET Path: / Status: 200
[Sat Mar  5 01:02:09 2022] Method: GET Path: / Status: 200
